<?xml version="1.0" encoding="UTF-8"?>
<testsuite name="test_ha01" tests="1" skipped="0" failures="0" errors="0" timestamp="2019-04-16T20:52:45" hostname="Hugin" time="0.007">
  <properties/>
  <testcase name="test" classname="test_ha01" time="0.007"/>
  <system-out><![CDATA[Subcontractor is briefed.
m42: Pizza Tonno will be delivered to WilliAllee73
Subcontractor is briefed.
m42: Cheese Burger will be delivered to WilliAllee73
Subcontractor is briefed.
m42: Spicy Döner will be delivered to WilliAllee73
]]></system-out>
  <system-err><![CDATA[]]></system-err>
</testsuite>
